{"level":"info","message":"Request URL: /api/v1/api/games - Method: GET - IP: ::1"}
{"level":"info","message":"Request URL: /api/v1/api/games - Method: GET - IP: ::1"}
{"level":"info","message":"Request URL: /api/v1/api/games - Method: GET - IP: ::1"}
{"level":"info","message":"Request URL: /api/v1/api/games - Method: GET - IP: ::1"}
{"level":"info","message":"Request URL: /api/v1/api/games - Method: GET - IP: ::1"}
{"level":"info","message":"Request URL: /api/v1/api/games - Method: GET - IP: ::1"}
{"level":"info","message":"Request URL: /api/v1/api/games - Method: GET - IP: ::1"}
{"level":"info","message":"Request URL: /api/v1/api/games - Method: GET - IP: ::1"}
{"level":"info","message":"Request URL: /api/v1/New-table-categories - Method: GET - IP: ::1"}
{"level":"info","message":"Request URL: /api/v1/New-table-categories - Method: GET - IP: ::1"}
{"level":"info","message":"Request URL: /api/v1/New-table-categories - Method: GET - IP: ::1"}
{"level":"info","message":"Request URL: /api/v1/login_user - Method: POST - IP: ::1"}
{"level":"info","message":"Request URL: /api/v1/user_balance - Method: POST - IP: ::1"}
{"level":"info","message":"Request URL: /api/v1/user_details - Method: POST - IP: ::1"}
{"level":"info","message":"Request URL: /api/v1/user_balance - Method: POST - IP: ::1"}
{"level":"info","message":"Request URL: /api/v1/user_details - Method: POST - IP: ::1"}
{"level":"info","message":"Request URL: /api/v1/verify - Method: GET - IP: ::1"}
{"level":"info","message":"Request URL: /api/v1/user_balance - Method: POST - IP: ::1"}
{"level":"info","message":"Request URL: /api/v1/user_details - Method: POST - IP: ::1"}
{"level":"info","message":"Request URL: /api/v1/New-table-categories - Method: GET - IP: ::1"}
{"level":"info","message":"Request URL: /api/v1/user_balance - Method: POST - IP: ::1"}
{"level":"info","message":"Request URL: /api/v1/user_details - Method: POST - IP: ::1"}
{"level":"info","message":"Request URL: /api/v1/user_balance - Method: POST - IP: ::1"}
{"level":"info","message":"Request URL: /api/v1/user_details - Method: POST - IP: ::1"}
{"level":"info","message":"Request URL: /api/v1/user_balance - Method: POST - IP: ::1"}
{"level":"info","message":"Request URL: /api/v1/user_details - Method: POST - IP: ::1"}
{"level":"info","message":"Request URL: /api/v1/New-table-Games-with-Providers?category=SLOT - Method: GET - IP: ::1"}
{"level":"info","message":"Request URL: /api/v1/New-Games-with-Providers-By-Category?category=SLOT&provider=JA - Method: GET - IP: ::1"}
{"level":"info","message":"Request URL: /api/v1/launch_game - Method: POST - IP: ::1"}
{"level":"info","message":"Request URL: /api/v1/user_details - Method: POST - IP: ::1"}
{"level":"info","message":"Request URL: /api/v1/user_balance - Method: POST - IP: ::1"}
{"level":"info","message":"Request URL: /api/v1/user_balance - Method: POST - IP: ::1"}
{"level":"info","message":"Request URL: /api/v1/user_details - Method: POST - IP: ::1"}
{"level":"info","message":"Request URL: /api/v1/New-table-categories - Method: GET - IP: ::1"}
{"level":"info","message":"Request URL: /api/v1/user_balance - Method: POST - IP: ::1"}
{"level":"info","message":"Request URL: /api/v1/user_details - Method: POST - IP: ::1"}
{"level":"info","message":"Request URL: /api/v1/user_balance - Method: POST - IP: ::1"}
{"level":"info","message":"Request URL: /api/v1/user_details - Method: POST - IP: ::1"}
{"level":"info","message":"Request URL: /api/v1/New-table-Games-with-Providers?category=SLOT - Method: GET - IP: ::1"}
{"level":"info","message":"Request URL: /api/v1/New-Games-with-Providers-By-Category?category=SLOT&provider=JA - Method: GET - IP: ::1"}
{"level":"info","message":"Request URL: /api/v1/launch_game - Method: POST - IP: ::1"}
{"level":"info","message":"Request URL: /api/v1/user_balance - Method: POST - IP: ::1"}
{"level":"info","message":"Request URL: /api/v1/user_details - Method: POST - IP: ::1"}
{"level":"info","message":"Request URL: /api/v1/launch_game - Method: POST - IP: ::1"}
{"level":"info","message":"Request URL: /api/v1/user_balance - Method: POST - IP: ::1"}
{"level":"info","message":"Request URL: /api/v1/user_details - Method: POST - IP: ::1"}
{"level":"info","message":"Request URL: /api/v1/New-table-categories - Method: GET - IP: ::1"}
{"level":"info","message":"Request URL: /api/v1/verify - Method: GET - IP: ::1"}
{"level":"info","message":"Request URL: /api/v1/New-table-categories - Method: GET - IP: ::1"}
{"level":"info","message":"Request URL: /api/v1/login_user - Method: POST - IP: ::1"}
{"level":"info","message":"Request URL: /api/v1/verify - Method: GET - IP: ::1"}
{"level":"info","message":"Request URL: /api/v1/user_balance - Method: POST - IP: ::1"}
{"level":"info","message":"Request URL: /api/v1/New-table-categories - Method: GET - IP: ::1"}
{"level":"info","message":"Request URL: /api/v1/user_details - Method: POST - IP: ::1"}
{"level":"info","message":"Request URL: /api/v1/New-table-Games-with-Providers?category=SLOT - Method: GET - IP: ::1"}
{"level":"info","message":"Request URL: /api/v1/user_balance - Method: POST - IP: ::1"}
{"level":"info","message":"Request URL: /api/v1/user_details - Method: POST - IP: ::1"}
{"level":"info","message":"Request URL: /api/v1/New-Games-with-Providers-By-Category?category=SLOT&provider=JA - Method: GET - IP: ::1"}
{"level":"info","message":"Request URL: /api/v1/launch_game - Method: POST - IP: ::1"}
{"level":"info","message":"Request URL: /api/v1/user_balance - Method: POST - IP: ::1"}
{"level":"info","message":"Request URL: /api/v1/user_details - Method: POST - IP: ::1"}
{"level":"info","message":"Request URL: /api/v1/user_balance - Method: POST - IP: ::1"}
{"level":"info","message":"Request URL: /api/v1/user_details - Method: POST - IP: ::1"}
{"level":"info","message":"Request URL: /api/v1/user_balance - Method: POST - IP: ::1"}
{"level":"info","message":"Request URL: /api/v1/user_details - Method: POST - IP: ::1"}
{"level":"info","message":"Request URL: /api/v1/user_balance - Method: POST - IP: ::1"}
{"level":"info","message":"Request URL: /api/v1/user_details - Method: POST - IP: ::1"}
{"level":"info","message":"Request URL: /api/v1/user_balance - Method: POST - IP: ::1"}
{"level":"info","message":"Request URL: /api/v1/user_details - Method: POST - IP: ::1"}
{"level":"info","message":"Request URL: /api/v1/verify - Method: GET - IP: ::1"}
{"level":"info","message":"Request URL: /api/v1/user_balance - Method: POST - IP: ::1"}
{"level":"info","message":"Request URL: /api/v1/New-table-categories - Method: GET - IP: ::1"}
{"level":"info","message":"Request URL: /api/v1/user_details - Method: POST - IP: ::1"}
{"level":"info","message":"Request URL: /api/v1/user_balance - Method: POST - IP: ::1"}
{"level":"info","message":"Request URL: /api/v1/user_details - Method: POST - IP: ::1"}
{"level":"info","message":"Request URL: /api/v1/user_balance - Method: POST - IP: ::1"}
{"level":"info","message":"Request URL: /api/v1/user_details - Method: POST - IP: ::1"}
{"level":"info","message":"Request URL: /api/v1/user_balance - Method: POST - IP: ::1"}
{"level":"info","message":"Request URL: /api/v1/user_details - Method: POST - IP: ::1"}
{"level":"info","message":"Request URL: /api/v1/user_balance - Method: POST - IP: ::1"}
{"level":"info","message":"Request URL: /api/v1/New-table-Games-with-Providers?category=SLOT - Method: GET - IP: ::1"}
{"level":"info","message":"Request URL: /api/v1/user_details - Method: POST - IP: ::1"}
{"level":"info","message":"Request URL: /api/v1/New-Games-with-Providers-By-Category?category=SLOT&provider=JA - Method: GET - IP: ::1"}
{"level":"info","message":"Request URL: /api/v1/launch_game - Method: POST - IP: ::1"}
{"level":"info","message":"Request URL: /api/v1/launch_game - Method: POST - IP: ::1"}
{"level":"info","message":"Request URL: /api/v1/launch_game - Method: POST - IP: ::1"}
{"level":"info","message":"Request URL: /api/v1/user_balance - Method: POST - IP: ::1"}
{"level":"info","message":"Request URL: /api/v1/New-table-categories - Method: GET - IP: ::1"}
{"level":"info","message":"Request URL: /api/v1/user_details - Method: POST - IP: ::1"}
{"level":"info","message":"Request URL: /api/v1/verify - Method: GET - IP: ::1"}
{"level":"info","message":"Request URL: /api/v1/New-table-categories - Method: GET - IP: ::1"}
{"level":"info","message":"Request URL: /api/v1/user_balance - Method: POST - IP: ::1"}
{"level":"info","message":"Request URL: /api/v1/user_details - Method: POST - IP: ::1"}
{"level":"info","message":"Request URL: /api/v1/user_balance - Method: POST - IP: ::1"}
{"level":"info","message":"Request URL: /api/v1/user_details - Method: POST - IP: ::1"}
{"level":"info","message":"Request URL: /api/v1/verify - Method: GET - IP: ::1"}
{"level":"info","message":"Request URL: /api/v1/user_balance - Method: POST - IP: ::1"}
{"level":"info","message":"Request URL: /api/v1/New-table-categories - Method: GET - IP: ::1"}
{"level":"info","message":"Request URL: /api/v1/user_details - Method: POST - IP: ::1"}
{"level":"info","message":"Request URL: /api/v1/user_balance - Method: POST - IP: ::1"}
{"level":"info","message":"Request URL: /api/v1/user_details - Method: POST - IP: ::1"}
{"level":"info","message":"Request URL: /api/v1/verify - Method: GET - IP: ::1"}
{"level":"info","message":"Request URL: /api/v1/user_balance - Method: POST - IP: ::1"}
{"level":"info","message":"Request URL: /api/v1/user_details - Method: POST - IP: ::1"}
{"level":"info","message":"Request URL: /api/v1/user_balance - Method: POST - IP: ::1"}
{"level":"info","message":"Request URL: /api/v1/user_details - Method: POST - IP: ::1"}
{"level":"info","message":"Request URL: /api/v1/user_balance - Method: POST - IP: ::1"}
{"level":"info","message":"Request URL: /api/v1/user_details - Method: POST - IP: ::1"}
{"level":"info","message":"Request URL: /api/v1/user_balance - Method: POST - IP: ::1"}
{"level":"info","message":"Request URL: /api/v1/user_details - Method: POST - IP: ::1"}
{"level":"info","message":"Request URL: /api/v1/user_balance - Method: POST - IP: ::1"}
{"level":"info","message":"Request URL: /api/v1/user_details - Method: POST - IP: ::1"}
{"level":"info","message":"Request URL: /api/v1/user_balance - Method: POST - IP: ::1"}
{"level":"info","message":"Request URL: /api/v1/user_details - Method: POST - IP: ::1"}
{"level":"info","message":"Request URL: /api/v1/verify - Method: GET - IP: ::1"}
{"level":"info","message":"Request URL: /api/v1/user_balance - Method: POST - IP: ::1"}
{"level":"info","message":"Request URL: /api/v1/user_details - Method: POST - IP: ::1"}
{"level":"info","message":"Request URL: /api/v1/verify - Method: GET - IP: ::1"}
{"level":"info","message":"Request URL: /api/v1/user_balance - Method: POST - IP: ::1"}
{"level":"info","message":"Request URL: /api/v1/user_details - Method: POST - IP: ::1"}
{"level":"info","message":"Request URL: /api/v1/verify - Method: GET - IP: ::1"}
{"level":"info","message":"Request URL: /api/v1/New-table-categories - Method: GET - IP: ::1"}
{"level":"info","message":"Request URL: /api/v1/user_balance - Method: POST - IP: ::1"}
{"level":"info","message":"Request URL: /api/v1/user_details - Method: POST - IP: ::1"}
{"level":"info","message":"Request URL: /api/v1/verify - Method: GET - IP: ::1"}
{"level":"info","message":"Request URL: /api/v1/user_balance - Method: POST - IP: ::1"}
{"level":"info","message":"Request URL: /api/v1/user_details - Method: POST - IP: ::1"}
{"level":"info","message":"Request URL: /main.d20e2931c392c525c214.hot-update.json - Method: GET - IP: 127.0.0.1"}
{"level":"info","message":"Request URL: /api/v1/verify - Method: GET - IP: ::1"}
{"level":"info","message":"Request URL: /api/v1/verify - Method: GET - IP: ::1"}
{"level":"info","message":"Request URL: /logo192.png - Method: GET - IP: 127.0.0.1"}
{"level":"info","message":"Request URL: /api/v1/user_balance - Method: POST - IP: ::1"}
{"level":"info","message":"Request URL: /api/v1/New-table-categories - Method: GET - IP: ::1"}
{"level":"info","message":"Request URL: /api/v1/user_details - Method: POST - IP: ::1"}
{"level":"info","message":"Request URL: /logo192.png - Method: GET - IP: 127.0.0.1"}
{"level":"info","message":"Request URL: /api/v1/user_balance - Method: POST - IP: ::1"}
{"level":"info","message":"Request URL: /api/v1/user_details - Method: POST - IP: ::1"}
{"level":"info","message":"Request URL: /api/v1/New-table-categories - Method: GET - IP: ::1"}
{"level":"info","message":"Request URL: /api/v1/login_user - Method: POST - IP: ::1"}
{"level":"info","message":"Request URL: /api/v1/login_user - Method: POST - IP: ::1"}
{"level":"info","message":"Request URL: /api/v1/user_balance - Method: POST - IP: ::1"}
{"level":"info","message":"Request URL: /api/v1/user_details - Method: POST - IP: ::1"}
{"level":"info","message":"Request URL: /api/v1/user_balance - Method: POST - IP: ::1"}
{"level":"info","message":"Request URL: /api/v1/user_details - Method: POST - IP: ::1"}
{"level":"info","message":"Request URL: /api/v1/verify - Method: GET - IP: ::1"}
{"level":"info","message":"Request URL: /logo192.png - Method: GET - IP: 127.0.0.1"}
{"level":"info","message":"Request URL: /api/v1/user_balance - Method: POST - IP: ::1"}
{"level":"info","message":"Request URL: /api/v1/New-table-categories - Method: GET - IP: ::1"}
{"level":"info","message":"Request URL: /api/v1/user_details - Method: POST - IP: ::1"}
{"level":"info","message":"Request URL: /api/v1/user_balance - Method: POST - IP: ::1"}
{"level":"info","message":"Request URL: /api/v1/user_details - Method: POST - IP: ::1"}
{"level":"info","message":"Request URL: /api/v1/user_balance - Method: POST - IP: ::1"}
{"level":"info","message":"Request URL: /api/v1/user_details - Method: POST - IP: ::1"}
{"level":"info","message":"Request URL: /api/v1/search?game= - Method: GET - IP: ::1"}
{"level":"info","message":"Request URL: /api/v1/get_all_provider - Method: GET - IP: ::1"}
{"level":"info","message":"Request URL: /api/v1/get-all-category - Method: GET - IP: ::1"}
{"level":"info","message":"Request URL: /api/v1/GateAllGames - Method: GET - IP: ::1"}
{"level":"info","message":"Request URL: /api/v1/get-all-category - Method: GET - IP: ::1"}
{"level":"info","message":"Request URL: /api/v1/verify - Method: GET - IP: ::1"}
{"level":"info","message":"Request URL: /api/v1/search?game= - Method: GET - IP: ::1"}
{"level":"info","message":"Request URL: /api/v1/get_all_provider - Method: GET - IP: ::1"}
{"level":"info","message":"Request URL: /api/v1/get-all-category - Method: GET - IP: ::1"}
{"level":"info","message":"Request URL: /api/v1/GateAllGames - Method: GET - IP: ::1"}
{"level":"info","message":"Request URL: /api/v1/get-all-category - Method: GET - IP: ::1"}
{"level":"info","message":"Request URL: /api/v1/casino_item_add - Method: POST - IP: ::1"}
{"level":"info","message":"Request URL: /api/v1/verify - Method: GET - IP: ::1"}
{"level":"info","message":"Request URL: /api/v1/user_balance - Method: POST - IP: ::1"}
{"level":"info","message":"Request URL: /api/v1/user_details - Method: POST - IP: ::1"}
{"level":"info","message":"Request URL: /api/v1/New-table-categories - Method: GET - IP: ::1"}
{"level":"info","message":"Request URL: /logo192.png - Method: GET - IP: 127.0.0.1"}
{"level":"info","message":"Request URL: /api/v1/search?game= - Method: GET - IP: ::1"}
{"level":"info","message":"Request URL: /api/v1/get_all_provider - Method: GET - IP: ::1"}
{"level":"info","message":"Request URL: /api/v1/get-all-category - Method: GET - IP: ::1"}
{"level":"info","message":"Request URL: /api/v1/GateAllGames - Method: GET - IP: ::1"}
{"level":"info","message":"Request URL: /api/v1/get-all-category - Method: GET - IP: ::1"}
{"level":"info","message":"Request URL: /api/v1/search?game= - Method: GET - IP: ::1"}
{"level":"info","message":"Request URL: /api/v1/get_all_provider - Method: GET - IP: ::1"}
{"level":"info","message":"Request URL: /api/v1/get-all-category - Method: GET - IP: ::1"}
{"level":"info","message":"Request URL: /api/v1/GateAllGames - Method: GET - IP: ::1"}
{"level":"info","message":"Request URL: /api/v1/get-all-category - Method: GET - IP: ::1"}
{"level":"info","message":"Request URL: /api/v1/search?provider=RE&game= - Method: GET - IP: ::1"}
{"level":"info","message":"Request URL: /api/v1/casino_item_add - Method: POST - IP: ::1"}
{"level":"info","message":"Request URL: /api/v1/casino_item_add - Method: POST - IP: ::1"}
{"level":"info","message":"Request URL: /api/v1/api/casino_item_add - Method: POST - IP: ::1"}
{"level":"info","message":"Request URL: /api/v1/api/casino_item_add - Method: GET - IP: ::1"}
{"level":"info","message":"Request URL: /api/v1/casino_item_add - Method: POST - IP: ::1"}
{"level":"info","message":"Request URL: /api/v1/casino_item_add - Method: POST - IP: ::1"}
{"level":"info","message":"Request URL: /api/v1/casino_item_add - Method: POST - IP: ::1"}
{"level":"info","message":"Request URL: /api/v1/casino_item_add - Method: POST - IP: ::1"}
{"level":"info","message":"Request URL: /api/v1/casino_item_add - Method: POST - IP: ::1"}
{"level":"info","message":"Request URL: /api/v1/casino_item_add - Method: POST - IP: ::1"}
